2020-08-04 15:14:15,875 CRIT Supervisor is running as root.  Privileges were not dropped because no user is specified in the config file.  If you intend to run as root, you can set user=root in the config file to avoid this message.
2020-08-04 15:14:15,876 WARN No file matches via include "/etc/supervisor/conf.d/*.conf"
2020-08-04 15:14:15,885 INFO RPC interface 'supervisor' initialized
2020-08-04 15:14:15,887 INFO RPC interface 'supervisor' initialized
2020-08-04 15:14:15,887 CRIT Server 'unix_http_server' running without any HTTP authentication checking
2020-08-04 15:14:15,889 INFO supervisord started with pid 1
2020-08-04 15:14:16,892 INFO spawned: 'cron' with pid 8
2020-08-04 15:14:16,894 INFO spawned: 'queue' with pid 9
2020-08-04 15:14:16,896 INFO spawned: 'php' with pid 10
2020-08-04 15:14:17,930 INFO success: cron entered RUNNING state, process has stayed up for > than 1 seconds (startsecs)
2020-08-04 15:14:17,930 INFO success: queue entered RUNNING state, process has stayed up for > than 1 seconds (startsecs)
2020-08-04 15:14:17,931 INFO success: php entered RUNNING state, process has stayed up for > than 1 seconds (startsecs)
2020-08-04 15:14:18,142 INFO exited: queue (exit status 1; not expected)
2020-08-04 15:14:19,145 INFO spawned: 'queue' with pid 13
2020-08-04 15:14:19,987 INFO exited: queue (exit status 1; not expected)
2020-08-04 15:14:20,989 INFO spawned: 'queue' with pid 14
2020-08-04 15:14:21,990 INFO success: queue entered RUNNING state, process has stayed up for > than 1 seconds (startsecs)
2020-08-04 15:14:22,148 INFO exited: queue (exit status 1; not expected)
2020-08-04 15:14:23,150 INFO spawned: 'queue' with pid 15
2020-08-04 15:14:23,929 INFO exited: queue (exit status 1; not expected)
2020-08-04 15:14:24,932 INFO spawned: 'queue' with pid 16
2020-08-04 15:14:25,428 INFO exited: queue (exit status 1; not expected)
2020-08-04 15:14:27,432 INFO spawned: 'queue' with pid 17
2020-08-04 15:14:27,919 INFO exited: queue (exit status 1; not expected)
2020-08-04 15:14:30,923 INFO spawned: 'queue' with pid 18
2020-08-04 15:14:31,423 INFO exited: queue (exit status 1; not expected)
2020-08-04 15:14:32,425 INFO gave up: queue entered FATAL state, too many start retries too quickly
2020-08-05 04:44:19,638 CRIT Supervisor is running as root.  Privileges were not dropped because no user is specified in the config file.  If you intend to run as root, you can set user=root in the config file to avoid this message.
2020-08-05 04:44:19,639 WARN No file matches via include "/etc/supervisor/conf.d/*.conf"
2020-08-05 04:44:19,651 INFO RPC interface 'supervisor' initialized
2020-08-05 04:44:19,652 INFO RPC interface 'supervisor' initialized
2020-08-05 04:44:19,653 CRIT Server 'unix_http_server' running without any HTTP authentication checking
2020-08-05 04:44:19,653 INFO supervisord started with pid 1
2020-08-05 04:44:20,656 INFO spawned: 'cron' with pid 8
2020-08-05 04:44:20,658 INFO spawned: 'queue' with pid 9
2020-08-05 04:44:20,659 INFO spawned: 'php' with pid 10
2020-08-05 04:44:21,899 INFO success: cron entered RUNNING state, process has stayed up for > than 1 seconds (startsecs)
2020-08-05 04:44:21,899 INFO success: queue entered RUNNING state, process has stayed up for > than 1 seconds (startsecs)
2020-08-05 04:44:21,900 INFO success: php entered RUNNING state, process has stayed up for > than 1 seconds (startsecs)
2020-08-05 13:09:14,511 INFO reaped unknown pid 5723
2020-08-05 13:09:51,970 INFO reaped unknown pid 5751
2020-08-05 13:10:15,670 INFO reaped unknown pid 5779
2020-08-06 18:22:42,331 CRIT Supervisor is running as root.  Privileges were not dropped because no user is specified in the config file.  If you intend to run as root, you can set user=root in the config file to avoid this message.
2020-08-06 18:22:42,332 WARN No file matches via include "/etc/supervisor/conf.d/*.conf"
2020-08-06 18:22:42,348 INFO RPC interface 'supervisor' initialized
2020-08-06 18:22:42,348 INFO RPC interface 'supervisor' initialized
2020-08-06 18:22:42,349 CRIT Server 'unix_http_server' running without any HTTP authentication checking
2020-08-06 18:22:42,349 INFO supervisord started with pid 1
2020-08-06 18:22:43,351 INFO spawned: 'cron' with pid 9
2020-08-06 18:22:43,352 INFO spawned: 'queue' with pid 10
2020-08-06 18:22:43,354 INFO spawned: 'php' with pid 11
2020-08-06 18:22:44,975 INFO success: cron entered RUNNING state, process has stayed up for > than 1 seconds (startsecs)
2020-08-06 18:22:44,976 INFO success: queue entered RUNNING state, process has stayed up for > than 1 seconds (startsecs)
2020-08-06 18:22:44,976 INFO success: php entered RUNNING state, process has stayed up for > than 1 seconds (startsecs)
2020-08-21 11:07:40,460 CRIT Supervisor is running as root.  Privileges were not dropped because no user is specified in the config file.  If you intend to run as root, you can set user=root in the config file to avoid this message.
2020-08-21 11:07:40,462 WARN No file matches via include "/etc/supervisor/conf.d/*.conf"
2020-08-21 11:07:40,489 INFO RPC interface 'supervisor' initialized
2020-08-21 11:07:40,490 INFO RPC interface 'supervisor' initialized
2020-08-21 11:07:40,491 CRIT Server 'unix_http_server' running without any HTTP authentication checking
2020-08-21 11:07:40,492 INFO supervisord started with pid 1
2020-08-21 11:07:41,496 INFO spawned: 'cron' with pid 9
2020-08-21 11:07:41,500 INFO spawned: 'queue' with pid 10
2020-08-21 11:07:41,502 INFO spawned: 'php' with pid 11
2020-08-21 11:07:42,748 INFO success: cron entered RUNNING state, process has stayed up for > than 1 seconds (startsecs)
2020-08-21 11:07:42,749 INFO success: queue entered RUNNING state, process has stayed up for > than 1 seconds (startsecs)
2020-08-21 11:07:42,750 INFO success: php entered RUNNING state, process has stayed up for > than 1 seconds (startsecs)
2020-08-21 11:07:48,586 INFO exited: queue (exit status 1; not expected)
2020-08-21 11:07:49,589 INFO spawned: 'queue' with pid 20
2020-08-21 11:07:50,592 INFO success: queue entered RUNNING state, process has stayed up for > than 1 seconds (startsecs)
2020-08-21 11:07:55,190 INFO exited: queue (exit status 1; not expected)
2020-08-21 11:07:56,194 INFO spawned: 'queue' with pid 27
2020-08-21 11:07:57,197 INFO success: queue entered RUNNING state, process has stayed up for > than 1 seconds (startsecs)
2020-08-21 11:08:01,654 INFO reaped unknown pid 35
2020-08-21 11:08:02,119 INFO exited: queue (exit status 1; not expected)
2020-08-21 11:08:03,122 INFO spawned: 'queue' with pid 44
2020-08-21 11:08:04,125 INFO success: queue entered RUNNING state, process has stayed up for > than 1 seconds (startsecs)
2020-08-21 11:08:04,657 INFO reaped unknown pid 34
2020-08-21 11:08:08,751 INFO exited: queue (exit status 1; not expected)
2020-08-21 11:08:09,755 INFO spawned: 'queue' with pid 51
2020-08-21 11:08:10,758 INFO success: queue entered RUNNING state, process has stayed up for > than 1 seconds (startsecs)
2020-08-21 11:08:15,140 INFO exited: queue (exit status 1; not expected)
2020-08-21 11:08:16,143 INFO spawned: 'queue' with pid 58
2020-08-21 11:08:17,157 INFO success: queue entered RUNNING state, process has stayed up for > than 1 seconds (startsecs)
2020-08-21 11:08:21,532 INFO exited: queue (exit status 1; not expected)
2020-08-21 11:08:22,536 INFO spawned: 'queue' with pid 65
2020-08-21 11:08:23,539 INFO success: queue entered RUNNING state, process has stayed up for > than 1 seconds (startsecs)
2020-08-21 11:08:28,242 INFO exited: queue (exit status 1; not expected)
2020-08-21 11:08:29,246 INFO spawned: 'queue' with pid 72
2020-08-21 11:08:30,254 INFO success: queue entered RUNNING state, process has stayed up for > than 1 seconds (startsecs)
2020-08-21 11:08:34,760 INFO exited: queue (exit status 1; not expected)
2020-08-21 11:08:35,764 INFO spawned: 'queue' with pid 79
2020-08-21 11:08:36,768 INFO success: queue entered RUNNING state, process has stayed up for > than 1 seconds (startsecs)
2020-08-21 11:08:41,794 INFO exited: queue (exit status 1; not expected)
2020-08-21 11:08:42,801 INFO spawned: 'queue' with pid 86
2020-08-21 11:08:43,807 INFO success: queue entered RUNNING state, process has stayed up for > than 1 seconds (startsecs)
2020-08-21 11:08:48,916 INFO exited: queue (exit status 1; not expected)
2020-08-21 11:08:49,921 INFO spawned: 'queue' with pid 93
2020-08-21 11:08:50,924 INFO success: queue entered RUNNING state, process has stayed up for > than 1 seconds (startsecs)
2020-08-21 11:08:56,824 INFO exited: queue (exit status 1; not expected)
2020-08-21 11:08:57,827 INFO spawned: 'queue' with pid 100
2020-08-21 11:08:58,830 INFO success: queue entered RUNNING state, process has stayed up for > than 1 seconds (startsecs)
2020-08-21 11:09:01,722 INFO reaped unknown pid 107
2020-08-21 11:09:04,517 INFO exited: queue (exit status 1; not expected)
2020-08-21 11:09:04,737 INFO spawned: 'queue' with pid 117
2020-08-21 11:09:04,738 INFO reaped unknown pid 108
2020-08-21 11:09:05,741 INFO success: queue entered RUNNING state, process has stayed up for > than 1 seconds (startsecs)
2020-08-21 11:09:11,988 INFO exited: queue (exit status 1; not expected)
2020-08-21 11:09:12,991 INFO spawned: 'queue' with pid 124
2020-08-21 11:09:13,994 INFO success: queue entered RUNNING state, process has stayed up for > than 1 seconds (startsecs)
2020-08-21 11:09:19,894 INFO exited: queue (exit status 1; not expected)
2020-08-21 11:09:20,897 INFO spawned: 'queue' with pid 131
2020-08-21 11:09:21,899 INFO success: queue entered RUNNING state, process has stayed up for > than 1 seconds (startsecs)
2020-08-21 11:09:28,182 INFO exited: queue (exit status 1; not expected)
2020-08-21 11:09:29,185 INFO spawned: 'queue' with pid 138
2020-08-21 11:09:30,188 INFO success: queue entered RUNNING state, process has stayed up for > than 1 seconds (startsecs)
2020-08-21 11:09:35,745 INFO exited: queue (exit status 1; not expected)
2020-08-21 11:09:36,750 INFO spawned: 'queue' with pid 145
2020-08-21 11:09:37,753 INFO success: queue entered RUNNING state, process has stayed up for > than 1 seconds (startsecs)
2020-08-21 11:09:44,116 INFO exited: queue (exit status 1; not expected)
2020-08-21 11:09:45,120 INFO spawned: 'queue' with pid 152
2020-08-21 11:09:46,123 INFO success: queue entered RUNNING state, process has stayed up for > than 1 seconds (startsecs)
2020-08-21 11:09:51,367 INFO exited: queue (exit status 1; not expected)
2020-08-21 11:09:52,371 INFO spawned: 'queue' with pid 159
2020-08-21 11:09:53,374 INFO success: queue entered RUNNING state, process has stayed up for > than 1 seconds (startsecs)
2020-08-21 11:10:00,052 INFO exited: queue (exit status 1; not expected)
2020-08-21 11:10:01,056 INFO spawned: 'queue' with pid 166
2020-08-21 11:10:01,779 INFO reaped unknown pid 174
2020-08-21 11:10:02,781 INFO success: queue entered RUNNING state, process has stayed up for > than 1 seconds (startsecs)
2020-08-21 11:10:04,791 INFO reaped unknown pid 173
2020-08-21 11:10:06,862 INFO exited: queue (exit status 1; not expected)
2020-08-21 11:10:07,866 INFO spawned: 'queue' with pid 183
2020-08-21 11:10:08,869 INFO success: queue entered RUNNING state, process has stayed up for > than 1 seconds (startsecs)
2020-08-21 11:10:14,485 INFO exited: queue (exit status 1; not expected)
2020-08-21 11:10:15,490 INFO spawned: 'queue' with pid 190
2020-08-21 11:10:16,493 INFO success: queue entered RUNNING state, process has stayed up for > than 1 seconds (startsecs)
2020-08-21 11:10:22,070 INFO exited: queue (exit status 1; not expected)
2020-08-21 11:10:23,074 INFO spawned: 'queue' with pid 197
2020-08-21 11:10:24,077 INFO success: queue entered RUNNING state, process has stayed up for > than 1 seconds (startsecs)
2020-08-21 11:10:28,573 INFO exited: queue (exit status 1; not expected)
2020-08-21 11:10:29,577 INFO spawned: 'queue' with pid 204
2020-08-21 11:10:30,580 INFO success: queue entered RUNNING state, process has stayed up for > than 1 seconds (startsecs)
2020-08-21 11:10:35,281 INFO exited: queue (exit status 1; not expected)
2020-08-21 11:10:36,285 INFO spawned: 'queue' with pid 211
2020-08-21 11:10:37,288 INFO success: queue entered RUNNING state, process has stayed up for > than 1 seconds (startsecs)
2020-08-21 11:10:41,795 INFO exited: queue (exit status 1; not expected)
2020-08-21 11:10:42,799 INFO spawned: 'queue' with pid 218
2020-08-21 11:10:43,801 INFO success: queue entered RUNNING state, process has stayed up for > than 1 seconds (startsecs)
2020-08-21 11:10:48,893 INFO exited: queue (exit status 1; not expected)
2020-08-21 11:10:49,897 INFO spawned: 'queue' with pid 225
2020-08-21 11:10:50,900 INFO success: queue entered RUNNING state, process has stayed up for > than 1 seconds (startsecs)
2020-08-21 11:10:55,554 INFO exited: queue (exit status 1; not expected)
2020-08-21 11:10:56,559 INFO spawned: 'queue' with pid 232
2020-08-21 11:10:57,562 INFO success: queue entered RUNNING state, process has stayed up for > than 1 seconds (startsecs)
2020-08-21 11:11:01,850 INFO reaped unknown pid 240
2020-08-21 11:11:02,251 INFO exited: queue (exit status 1; not expected)
2020-08-21 11:11:03,255 INFO spawned: 'queue' with pid 249
2020-08-21 11:11:04,259 INFO success: queue entered RUNNING state, process has stayed up for > than 1 seconds (startsecs)
2020-08-21 11:11:04,868 INFO reaped unknown pid 239
2020-08-21 11:11:09,715 INFO exited: queue (exit status 1; not expected)
2020-08-21 11:11:10,718 INFO spawned: 'queue' with pid 256
2020-08-21 11:11:11,737 INFO success: queue entered RUNNING state, process has stayed up for > than 1 seconds (startsecs)
2020-08-21 11:11:16,550 INFO exited: queue (exit status 1; not expected)
2020-08-21 11:11:17,555 INFO spawned: 'queue' with pid 263
2020-08-21 11:11:18,558 INFO success: queue entered RUNNING state, process has stayed up for > than 1 seconds (startsecs)
2020-08-21 11:11:23,502 INFO exited: queue (exit status 1; not expected)
2020-08-21 11:11:24,506 INFO spawned: 'queue' with pid 270
2020-08-21 11:11:25,508 INFO success: queue entered RUNNING state, process has stayed up for > than 1 seconds (startsecs)
2020-08-21 11:11:29,915 INFO exited: queue (exit status 1; not expected)
2020-08-21 11:11:30,920 INFO spawned: 'queue' with pid 277
2020-08-21 11:11:31,924 INFO success: queue entered RUNNING state, process has stayed up for > than 1 seconds (startsecs)
2020-08-21 11:11:33,815 WARN received SIGQUIT indicating exit request
2020-08-21 11:11:33,816 INFO waiting for cron, queue, php to die
2020-08-21 11:11:33,823 INFO stopped: php (exit status 0)
2020-08-21 11:11:33,830 INFO stopped: queue (terminated by SIGTERM)
2020-08-21 11:11:33,831 INFO stopped: cron (terminated by SIGTERM)
